{
"contracts/Raffel.sol":{"l":{"72":0,"73":0,"74":0,"75":0,"76":0,"77":0,"83":0,"84":0,"86":0,"87":0,"89":0,"91":0,"106":0,"107":0,"108":0,"109":0,"111":0,"116":0,"117":0,"118":0,"127":0,"128":0,"140":0,"145":0,"146":0,"147":0,"148":0,"155":0,"156":0,"157":0,"158":0,"159":0,"160":0,"162":0,"163":0,"164":0,"166":0,"172":0,"176":0,"180":0,"184":0,"188":0,"192":0,"196":0},"path":"/home/srikrishna/hardhat-smartcontract-lottery/contracts/Raffel.sol","s":{"1":0,"2":0,"3":0,"4":0,"5":0,"6":0,"7":0,"8":0,"9":0,"10":0,"11":0,"12":0,"13":0,"14":0,"15":0,"16":0,"17":0,"18":0,"19":0,"20":0,"21":0,"22":0,"23":0,"24":0,"25":0},"b":{"1":[0,0],"2":[0,0],"3":[0,0],"4":[0,0]},"f":{"1":0,"2":0,"3":0,"4":0,"5":0,"6":0,"7":0,"8":0,"9":0,"10":0,"11":0,"12":0,"13":0,"14":0},"fnMap":{"1":{"name":"constructor","line":71,"loc":{"start":{"line":66,"column":4},"end":{"line":78,"column":4}}},"2":{"name":"enterRaffel","line":82,"loc":{"start":{"line":82,"column":4},"end":{"line":92,"column":4}}},"3":{"name":"checkUpkeep","line":103,"loc":{"start":{"line":103,"column":4},"end":{"line":112,"column":4}}},"4":{"name":"performUpkeep","line":114,"loc":{"start":{"line":114,"column":4},"end":{"line":124,"column":4}}},"5":{"name":"requestRandomWinner","line":126,"loc":{"start":{"line":126,"column":4},"end":{"line":149,"column":4}}},"6":{"name":"fulfillRandomWords","line":151,"loc":{"start":{"line":151,"column":4},"end":{"line":167,"column":4}}},"7":{"name":"getEnteranceFee","line":171,"loc":{"start":{"line":171,"column":4},"end":{"line":173,"column":4}}},"8":{"name":"getPlayers","line":175,"loc":{"start":{"line":175,"column":4},"end":{"line":177,"column":4}}},"9":{"name":"getRecentWinner","line":179,"loc":{"start":{"line":179,"column":4},"end":{"line":181,"column":4}}},"10":{"name":"getRaffelState","line":183,"loc":{"start":{"line":183,"column":4},"end":{"line":185,"column":4}}},"11":{"name":"getNumberOfPlayers","line":187,"loc":{"start":{"line":187,"column":4},"end":{"line":189,"column":4}}},"12":{"name":"getLatestTimeStamp","line":191,"loc":{"start":{"line":191,"column":4},"end":{"line":193,"column":4}}},"13":{"name":"getInterval","line":195,"loc":{"start":{"line":195,"column":4},"end":{"line":197,"column":4}}},"14":{"name":"fulfillRandomWords","line":199,"loc":{"start":{"line":199,"column":4},"end":{"line":202,"column":33}}}},"statementMap":{"1":{"start":{"line":83,"column":8},"end":{"line":83,"column":2921}},"2":{"start":{"line":86,"column":8},"end":{"line":86,"column":3023}},"3":{"start":{"line":89,"column":8},"end":{"line":89,"column":42}},"4":{"start":{"line":91,"column":8},"end":{"line":91,"column":36}},"5":{"start":{"line":106,"column":8},"end":{"line":106,"column":57}},"6":{"start":{"line":107,"column":8},"end":{"line":107,"column":78}},"7":{"start":{"line":108,"column":8},"end":{"line":108,"column":48}},"8":{"start":{"line":109,"column":8},"end":{"line":109,"column":53}},"9":{"start":{"line":116,"column":8},"end":{"line":116,"column":47}},"10":{"start":{"line":117,"column":8},"end":{"line":117,"column":4090}},"11":{"start":{"line":145,"column":8},"end":{"line":145,"column":33}},"12":{"start":{"line":147,"column":8},"end":{"line":147,"column":43}},"13":{"start":{"line":148,"column":8},"end":{"line":148,"column":24}},"14":{"start":{"line":155,"column":8},"end":{"line":155,"column":65}},"15":{"start":{"line":156,"column":8},"end":{"line":156,"column":63}},"16":{"start":{"line":162,"column":8},"end":{"line":162,"column":78}},"17":{"start":{"line":163,"column":8},"end":{"line":163,"column":5779}},"18":{"start":{"line":166,"column":8},"end":{"line":166,"column":39}},"19":{"start":{"line":172,"column":8},"end":{"line":172,"column":29}},"20":{"start":{"line":176,"column":8},"end":{"line":176,"column":31}},"21":{"start":{"line":180,"column":8},"end":{"line":180,"column":29}},"22":{"start":{"line":184,"column":8},"end":{"line":184,"column":28}},"23":{"start":{"line":188,"column":8},"end":{"line":188,"column":31}},"24":{"start":{"line":192,"column":8},"end":{"line":192,"column":30}},"25":{"start":{"line":196,"column":8},"end":{"line":196,"column":25}}},"branchMap":{"1":{"line":83,"type":"if","locations":[{"start":{"line":83,"column":8},"end":{"line":83,"column":8}},{"start":{"line":83,"column":8},"end":{"line":83,"column":8}}]},"2":{"line":86,"type":"if","locations":[{"start":{"line":86,"column":8},"end":{"line":86,"column":8}},{"start":{"line":86,"column":8},"end":{"line":86,"column":8}}]},"3":{"line":117,"type":"if","locations":[{"start":{"line":117,"column":8},"end":{"line":117,"column":8}},{"start":{"line":117,"column":8},"end":{"line":117,"column":8}}]},"4":{"line":163,"type":"if","locations":[{"start":{"line":163,"column":8},"end":{"line":163,"column":8}},{"start":{"line":163,"column":8},"end":{"line":163,"column":8}}]}}},
"contracts/VRFCoordinatorV2_5Mock.sol":{"l":{},"path":"/home/srikrishna/hardhat-smartcontract-lottery/contracts/VRFCoordinatorV2_5Mock.sol","s":{},"b":{},"f":{},"fnMap":{},"statementMap":{},"branchMap":{}}}
