TN:
SF:/home/srikrishna/hardhat-smartcontract-lottery/contracts/Raffel.sol
FN:71,constructor
FN:82,enterRaffel
FN:103,checkUpkeep
FN:114,performUpkeep
FN:126,requestRandomWinner
FN:151,fulfillRandomWords
FN:171,getEnteranceFee
FN:175,getPlayers
FN:179,getRecentWinner
FN:183,getRaffelState
FN:187,getNumberOfPlayers
FN:191,getLatestTimeStamp
FN:195,getInterval
FN:199,fulfillRandomWords
FNF:14
FNH:0
FNDA:0,constructor
FNDA:0,enterRaffel
FNDA:0,checkUpkeep
FNDA:0,performUpkeep
FNDA:0,requestRandomWinner
FNDA:0,fulfillRandomWords
FNDA:0,getEnteranceFee
FNDA:0,getPlayers
FNDA:0,getRecentWinner
FNDA:0,getRaffelState
FNDA:0,getNumberOfPlayers
FNDA:0,getLatestTimeStamp
FNDA:0,getInterval
FNDA:0,fulfillRandomWords
DA:72,0
DA:73,0
DA:74,0
DA:75,0
DA:76,0
DA:77,0
DA:83,0
DA:84,0
DA:86,0
DA:87,0
DA:89,0
DA:91,0
DA:106,0
DA:107,0
DA:108,0
DA:109,0
DA:111,0
DA:116,0
DA:117,0
DA:118,0
DA:127,0
DA:128,0
DA:140,0
DA:145,0
DA:146,0
DA:147,0
DA:148,0
DA:155,0
DA:156,0
DA:157,0
DA:158,0
DA:159,0
DA:160,0
DA:162,0
DA:163,0
DA:164,0
DA:166,0
DA:172,0
DA:176,0
DA:180,0
DA:184,0
DA:188,0
DA:192,0
DA:196,0
LF:44
LH:0
BRDA:83,1,0,0
BRDA:83,1,1,0
BRDA:86,2,0,0
BRDA:86,2,1,0
BRDA:117,3,0,0
BRDA:117,3,1,0
BRDA:163,4,0,0
BRDA:163,4,1,0
BRF:8
BRH:0
end_of_record
TN:
SF:/home/srikrishna/hardhat-smartcontract-lottery/contracts/VRFCoordinatorV2_5Mock.sol
FNF:0
FNH:0
LF:0
LH:0
BRF:0
BRH:0
end_of_record
